<?xml version="1.0" encoding="UTF-8"?>
<!-- Generated by org.testng.reporters.JUnitReportReporter -->
<testsuite hostname="DESKTOP-DVUMH6U" failures="0" tests="2" name="com.gmail.qa.testcases.ForWorkPageTest" time="27.689" errors="0" timestamp="2023-07-12T21:20:20 GMT-04:00" skipped="0">
  <testcase classname="com.gmail.qa.testcases.ForWorkPageTest" name="ForWorkPageTitleTest" time="13.699"/>
  <system-out/>
  <testcase classname="com.gmail.qa.testcases.ForWorkPageTest" name="VerifyOpenPricingPageTest" time="13.990"/>
  <system-out/>
</testsuite> <!-- com.gmail.qa.testcases.ForWorkPageTest -->
