<?xml version="1.0" encoding="UTF-8"?>
<!-- Generated by org.testng.reporters.JUnitReportReporter -->
<testsuite hostname="DESKTOP-DVUMH6U" failures="0" tests="4" name="com.gmail.qa.testcases.CreateAccountPageTest" time="43.226" errors="0" timestamp="2023-07-12T21:20:20 GMT-04:00" skipped="0">
  <testcase classname="com.gmail.qa.testcases.CreateAccountPageTest" name="CreateAccountPageTitleTest" time="8.101"/>
  <system-out/>
  <testcase classname="com.gmail.qa.testcases.CreateAccountPageTest" name="CreatingAccountwithoutfirstnameTest" time="10.569"/>
  <system-out/>
  <testcase classname="com.gmail.qa.testcases.CreateAccountPageTest" name="CreatingAccountwithnumbersTest" time="11.677"/>
  <system-out/>
  <testcase classname="com.gmail.qa.testcases.CreateAccountPageTest" name="HeadingTest" time="12.879"/>
  <system-out/>
</testsuite> <!-- com.gmail.qa.testcases.CreateAccountPageTest -->
