<?xml version="1.0" encoding="UTF-8"?>
<!-- Generated by org.testng.reporters.JUnitReportReporter -->
<testsuite hostname="DESKTOP-DVUMH6U" failures="0" tests="5" name="com.gmail.qa.testcases.HomePageTest" time="66.969" errors="0" timestamp="2023-07-12T21:20:20 GMT-04:00" skipped="0">
  <testcase classname="com.gmail.qa.testcases.HomePageTest" name="HomePageTitleTest" time="6.919"/>
  <system-out/>
  <testcase classname="com.gmail.qa.testcases.HomePageTest" name="HomePageLogoTest" time="13.081"/>
  <system-out/>
  <testcase classname="com.gmail.qa.testcases.HomePageTest" name="VerifyForWorkpageTest" time="13.678"/>
  <system-out/>
  <testcase classname="com.gmail.qa.testcases.HomePageTest" name="VerifySigninPageTest" time="23.181"/>
  <system-out/>
  <testcase classname="com.gmail.qa.testcases.HomePageTest" name="VerifycresteanaccountPageTest" time="10.110"/>
  <system-out/>
</testsuite> <!-- com.gmail.qa.testcases.HomePageTest -->
