<?xml version="1.0" encoding="UTF-8"?>
<!-- Generated by org.testng.reporters.JUnitReportReporter -->
<testsuite hostname="DESKTOP-DVUMH6U" failures="0" tests="4" name="com.gmail.qa.testcases.SigninPageTest" time="47.576" errors="0" timestamp="2023-07-17T19:27:01 GMT-04:00" skipped="0">
  <testcase classname="com.gmail.qa.testcases.SigninPageTest" name="validateSignInPagetitleTest" time="8.750"/>
  <system-out/>
  <testcase classname="com.gmail.qa.testcases.SigninPageTest" name="LoginwithoutusernameTest" time="9.717"/>
  <system-out/>
  <testcase classname="com.gmail.qa.testcases.SigninPageTest" name="LoginwithspecialcharusernameTest" time="18.933"/>
  <system-out/>
  <testcase classname="com.gmail.qa.testcases.SigninPageTest" name="verifyForgetemailpage" time="10.176"/>
  <system-out/>
</testsuite> <!-- com.gmail.qa.testcases.SigninPageTest -->
