<?xml version="1.0" encoding="UTF-8"?>
<!-- Generated by org.testng.reporters.JUnitReportReporter -->
<testsuite hostname="DESKTOP-DVUMH6U" failures="0" tests="4" name="com.gmail.qa.testcases.SigninPageTest" time="47.564" errors="0" timestamp="2023-07-11T17:46:40 GMT-04:00" skipped="0">
  <testcase classname="com.gmail.qa.testcases.SigninPageTest" name="validateSignInPagetitleTest" time="14.318"/>
  <system-out/>
  <testcase classname="com.gmail.qa.testcases.SigninPageTest" name="LoginwithoutusernameTest" time="8.981"/>
  <system-out/>
  <testcase classname="com.gmail.qa.testcases.SigninPageTest" name="LoginwithspecialcharusernameTest" time="10.591"/>
  <system-out/>
  <testcase classname="com.gmail.qa.testcases.SigninPageTest" name="verifyForgetemailpage" time="13.674"/>
  <system-out/>
</testsuite> <!-- com.gmail.qa.testcases.SigninPageTest -->
