<?xml version="1.0" encoding="UTF-8"?>
<!-- Generated by org.testng.reporters.JUnitReportReporter -->
<testsuite hostname="DESKTOP-DVUMH6U" failures="0" tests="5" name="com.gmail.qa.testcases.HomePageTest" time="58.511" errors="0" timestamp="2023-07-11T17:46:40 GMT-04:00" skipped="0">
  <testcase classname="com.gmail.qa.testcases.HomePageTest" name="HomePageTitleTest" time="8.740"/>
  <system-out/>
  <testcase classname="com.gmail.qa.testcases.HomePageTest" name="HomePageLogoTest" time="10.434"/>
  <system-out/>
  <testcase classname="com.gmail.qa.testcases.HomePageTest" name="VerifyForWorkpageTest" time="14.758"/>
  <system-out/>
  <testcase classname="com.gmail.qa.testcases.HomePageTest" name="VerifySigninPageTest" time="15.299"/>
  <system-out/>
  <testcase classname="com.gmail.qa.testcases.HomePageTest" name="VerifycresteanaccountPageTest" time="9.280"/>
  <system-out/>
</testsuite> <!-- com.gmail.qa.testcases.HomePageTest -->
