<?xml version="1.0" encoding="UTF-8"?>
<!-- Generated by org.testng.reporters.JUnitReportReporter -->
<testsuite hostname="DESKTOP-DVUMH6U" failures="0" tests="4" name="com.gmail.qa.testcases.CreateAccountPageTest" time="74.272" errors="0" timestamp="2023-07-11T17:46:40 GMT-04:00" skipped="0">
  <testcase classname="com.gmail.qa.testcases.CreateAccountPageTest" name="CreateAccountPageTitleTest" time="22.674"/>
  <system-out/>
  <testcase classname="com.gmail.qa.testcases.CreateAccountPageTest" name="CreatingAccountwithoutfirstnameTest" time="17.560"/>
  <system-out/>
  <testcase classname="com.gmail.qa.testcases.CreateAccountPageTest" name="CreatingAccountwithnumbersTest" time="19.431"/>
  <system-out/>
  <testcase classname="com.gmail.qa.testcases.CreateAccountPageTest" name="HeadingTest" time="14.607"/>
  <system-out/>
</testsuite> <!-- com.gmail.qa.testcases.CreateAccountPageTest -->
