<?xml version="1.0" encoding="UTF-8"?>
<!-- Generated by org.testng.reporters.JUnitReportReporter -->
<testsuite hostname="DESKTOP-DVUMH6U" failures="0" tests="2" name="com.gmail.qa.testcases.ForWorkPageTest" time="30.278" errors="0" timestamp="2023-07-11T17:46:40 GMT-04:00" skipped="0">
  <testcase classname="com.gmail.qa.testcases.ForWorkPageTest" name="ForWorkPageTitleTest" time="14.644"/>
  <system-out/>
  <testcase classname="com.gmail.qa.testcases.ForWorkPageTest" name="VerifyOpenPricingPageTest" time="15.634"/>
  <system-out/>
</testsuite> <!-- com.gmail.qa.testcases.ForWorkPageTest -->
